#
# A fatal error has been detected by the Java Runtime Environment:
#
#  SIGSEGV (0xb) at pc=0x000000010d2f98e4, pid=8185, tid=1811
#
# JRE version: Java(TM) SE Runtime Environment (8.0_20-b26) (build 1.8.0_20-b26)
# Java VM: Java HotSpot(TM) 64-Bit Server VM (25.20-b23 mixed mode bsd-amd64 compressed oops)
# Problematic frame:
# V  [libjvm.dylib+0x2f98e4]  jni_GetObjectClass+0x65
#
# Failed to write core dump. Core dumps have been disabled. To enable core dumping, try "ulimit -c unlimited" before starting Java again
#
# If you would like to submit a bug report, please visit:
#   http://bugreport.sun.com/bugreport/crash.jsp
#

---------------  T H R E A D  ---------------

Current thread (0x00007fcec31e6000):  JavaThread "AppKit Thread" daemon [_thread_in_vm, id=1811, stack(0x00007fff5363c000,0x00007fff53e3c000)]

siginfo: si_signo: 11 (SIGSEGV), si_code: 1 (SEGV_MAPERR), si_addr: 0x0000000000000000

Registers:
RAX=0x000000010d893504, RBX=0x0000000000000000, RCX=0x000000010d7d5c80, RDX=0x0000000000000000
RSP=0x00007fff53e36b00, RBP=0x00007fff53e36b50, RSI=0x0000000000000000, RDI=0x00007fcec31e61e8
R8 =0x0000000000000014, R9 =0x00007fcec0d01cc0, R10=0x0000000000000007, R11=0x00007fff8692daba
R12=0x0000000000000098, R13=0x00007fff8a66e0c0, R14=0x00007fcec31e61e8, R15=0x00007fcec31e6000
RIP=0x000000010d2f98e4, EFLAGS=0x0000000000010202, ERR=0x0000000000000004
  TRAPNO=0x000000000000000e

Top of Stack: (sp=0x00007fff53e36b00)
0x00007fff53e36b00:   0000000000000000 00007fcec31e6000
0x00007fff53e36b10:   0000000000000000 0000000000000000
0x00007fff53e36b20:   0000000000000004 00007fcec31e6000
0x00007fff53e36b30:   00007fcec31e6000 00007fcec31e61e8
0x00007fff53e36b40:   00007fcec2c3fcc0 00007fcec0c80b00
0x00007fff53e36b50:   00007fff53e36bb0 000000012d48666a
0x00007fff53e36b60:   0000000000000000 0000000000000004
0x00007fff53e36b70:   0000000000000000 0000000000000000
0x00007fff53e36b80:   000020d90ef0e67e 00007fcec2c3fcc0
0x00007fff53e36b90:   0000000000000016 00007fff8a66e0c0
0x00007fff53e36ba0:   00007fcec0c80b00 fffffffbffffffff
0x00007fff53e36bb0:   00007fff53e36da0 00007fff86ec19b6
0x00007fff53e36bc0:   0000000000000000 00007fff75e8e8c8
0x00007fff53e36bd0:   0000000000000000 00007fff8717dd87
0x00007fff53e36be0:   00007fff53e36c80 00007fff8e58e513
0x00007fff53e36bf0:   00007fff53e36c64 000000000037b701
0x00007fff53e36c00:   00000000ffffffff 00007fff75e8e8c8
0x00007fff53e36c10:   000000000037b700 00007fff00000000
0x00007fff53e36c20:   00007fff75e8e8e0 00007fff75e8e8e4
0x00007fff53e36c30:   00007fff75e8e8e8 00007fff00000000
0x00007fff53e36c40:   0000000000000100 00007fcec2c3fcc0
0x00007fff53e36c50:   00007fcec0ca94e0 00007fff755ad470
0x00007fff53e36c60:   00007fff86ec0867 00007fff756799d0
0x00007fff53e36c70:   0000000000000000 00007fff8717dd87
0x00007fff53e36c80:   00007fff53e36cd0 00007fff8a68492f
0x00007fff53e36c90:   00007fcec0ca94e0 000000012d4b9c90
0x00007fff53e36ca0:   0000000086949fb0 00007fcec0ca94e0
0x00007fff53e36cb0:   0000000000000000 00007fff8a66e0c0
0x00007fff53e36cc0:   00007fcec2c3fcc0 00000000000000f8
0x00007fff53e36cd0:   00007fff53e36da0 00007fff8a66e1ac
0x00007fff53e36ce0:   00007fcec2c3fcc0 000000000000000f
0x00007fff53e36cf0:   00000000000002f8 00007fcec2c3fcc0 

Instructions: (pc=0x000000010d2f98e4)
0x000000010d2f98c4:   74 09 48 8d 7d b8 e8 c1 ff 18 00 4c 89 f7 48 89
0x000000010d2f98d4:   de 90 0f 1f 40 00 48 8d 05 23 9c 59 00 80 38 00
0x000000010d2f98e4:   48 8b 03 74 15 48 8d 15 c0 74 4f 00 8a 4a 08 8b
0x000000010d2f98f4:   40 08 48 d3 e0 48 03 02 eb 04 48 8b 40 08 48 8b 

Register to memory mapping:

RAX=0x000000010d893504: UseCompressedClassPointers+0 in /Library/Java/JavaVirtualMachines/jdk1.8.0_20.jdk/Contents/Home/jre/lib/server/libjvm.dylib at 0x000000010d000000
RBX=0x0000000000000000 is an unknown value
RCX=0x000000010d7d5c80: UseMembar+0 in /Library/Java/JavaVirtualMachines/jdk1.8.0_20.jdk/Contents/Home/jre/lib/server/libjvm.dylib at 0x000000010d000000
RDX=0x0000000000000000 is an unknown value
RSP=0x00007fff53e36b00 is pointing into the stack for thread: 0x00007fcec31e6000
RBP=0x00007fff53e36b50 is pointing into the stack for thread: 0x00007fcec31e6000
RSI=0x0000000000000000 is an unknown value
RDI=0x00007fcec31e61e8 is an unknown value
R8 =0x0000000000000014 is an unknown value
R9 =0x00007fcec0d01cc0 is an unknown value
R10=0x0000000000000007 is an unknown value
R11=0x00007fff8692daba: -[NSEvent timestamp]+0 in /System/Library/Frameworks/AppKit.framework/Versions/C/AppKit at 0x00007fff86771000
R12=0x0000000000000098 is an unknown value
R13=0x00007fff8a66e0c0: objc_msgSend+0 in /usr/lib/libobjc.A.dylib at 0x00007fff8a66d000
R14=0x00007fcec31e61e8 is an unknown value
R15=0x00007fcec31e6000 is a thread


Stack: [0x00007fff5363c000,0x00007fff53e3c000],  sp=0x00007fff53e36b00,  free space=8170k
Native frames: (J=compiled Java code, j=interpreted, Vv=VM code, C=native code)
V  [libjvm.dylib+0x2f98e4]  jni_GetObjectClass+0x65
C  [liblwjgl.dylib+0xa66a]  -[MacOSXOpenGLView scrollWheel:]+0x7a
C  [AppKit+0x7509b6]  -[NSWindow _reallySendEvent:]+0x114f
C  [AppKit+0x1d916e]  -[NSWindow sendEvent:]+0x1be
C  [AppKit+0x18abd3]  -[NSApplication sendEvent:]+0x7d9
C  [libosxapp.dylib+0x23ac]  -[NSApplicationAWT sendEvent:]+0x109
C  [AppKit+0x17608]  -[NSApplication run]+0x2c7
C  [libosxapp.dylib+0x223e]  +[NSApplicationAWT runAWTLoopWithApp:]+0x9c
C  [libawt_lwawt.dylib+0x4494f]  -[AWTStarter starter:]+0x389
C  [Foundation+0x65cdc]  __NSThreadPerformPerform+0x125
C  [CoreFoundation+0x80681]  __CFRUNLOOP_IS_CALLING_OUT_TO_A_SOURCE0_PERFORM_FUNCTION__+0x11
C  [CoreFoundation+0x7280d]  __CFRunLoopDoSources0+0x10d
C  [CoreFoundation+0x71e3f]  __CFRunLoopRun+0x39f
C  [CoreFoundation+0x71858]  CFRunLoopRunSpecific+0x128
C  [java+0x56cc]  CreateExecutionEnvironment+0x367
C  [java+0x165c]  JLI_Launch+0x7a0
C  [java+0x768a]  main+0x65
C  [java+0xeb4]  start+0x34
C  0x0000000000000007


---------------  P R O C E S S  ---------------

Java Threads: ( => current thread )
  0x00007fcec30ac000 JavaThread "Timer hack thread" daemon [_thread_blocked, id=23055, stack(0x0000000127ff5000,0x00000001280f5000)]
  0x00007fcec3573800 JavaThread "AWT-Shutdown" [_thread_blocked, id=33299, stack(0x000000012df5f000,0x000000012e05f000)]
  0x00007fcec315d800 JavaThread "Snooper Timer" daemon [_thread_blocked, id=54279, stack(0x000000012d913000,0x000000012da13000)]
  0x00007fcec319d800 JavaThread "Snooper Timer" daemon [_thread_blocked, id=46895, stack(0x000000012d4ef000,0x000000012d5ef000)]
=>0x00007fcec31e6000 JavaThread "AppKit Thread" daemon [_thread_in_vm, id=1811, stack(0x00007fff5363c000,0x00007fff53e3c000)]
  0x00007fcec182a000 JavaThread "Service Thread" daemon [_thread_blocked, id=20739, stack(0x0000000126da4000,0x0000000126ea4000)]
  0x00007fcec182b000 JavaThread "C1 CompilerThread3" daemon [_thread_blocked, id=20227, stack(0x0000000126ca1000,0x0000000126da1000)]
  0x00007fcec5000000 JavaThread "C2 CompilerThread2" daemon [_thread_blocked, id=19715, stack(0x0000000126b9e000,0x0000000126c9e000)]
  0x00007fcec3037000 JavaThread "C2 CompilerThread1" daemon [_thread_blocked, id=19203, stack(0x0000000126a9b000,0x0000000126b9b000)]
  0x00007fcec3035000 JavaThread "C2 CompilerThread0" daemon [_thread_blocked, id=18691, stack(0x0000000126998000,0x0000000126a98000)]
  0x00007fcec2012000 JavaThread "Signal Dispatcher" daemon [_thread_blocked, id=15379, stack(0x0000000126895000,0x0000000126995000)]
  0x00007fcec2010000 JavaThread "Finalizer" daemon [_thread_blocked, id=13571, stack(0x0000000124f4d000,0x000000012504d000)]
  0x00007fcec1829000 JavaThread "Reference Handler" daemon [_thread_blocked, id=13059, stack(0x0000000124e4a000,0x0000000124f4a000)]
  0x00007fcec2001000 JavaThread "Client thread" [_thread_blocked, id=4867, stack(0x000000010beda000,0x000000010bfda000)]

Other Threads:
  0x00007fcec1826000 VMThread [stack: 0x0000000124d47000,0x0000000124e47000] [id=12547]
  0x00007fcec1011800 WatcherThread [stack: 0x0000000126ea7000,0x0000000126fa7000] [id=21251]

VM state:synchronizing (normal execution)

VM Mutex/Monitor currently owned by a thread:  ([mutex/lock_event])
[0x00007fcec2801110] Threads_lock - owner thread: 0x00007fcec1826000
[0x00007fcec2801b10] Compile_lock - owner thread: 0x00007fcec2001000

Heap:
 PSYoungGen      total 260096K, used 10610K [0x0000000795580000, 0x00000007b6380000, 0x00000007c0000000)
  eden space 237568K, 4% used [0x0000000795580000,0x0000000795fdcb38,0x00000007a3d80000)
  from space 22528K, 0% used [0x00000007a3d80000,0x00000007a3d80000,0x00000007a5380000)
  to   space 31744K, 0% used [0x00000007b4480000,0x00000007b4480000,0x00000007b6380000)
 ParOldGen       total 124416K, used 56514K [0x0000000740000000, 0x0000000747980000, 0x0000000795580000)
  object space 124416K, 45% used [0x0000000740000000,0x0000000743730a28,0x0000000747980000)
 Metaspace       used 25577K, capacity 25902K, committed 26240K, reserved 1073152K
  class space    used 3279K, capacity 3383K, committed 3456K, reserved 1048576K

Card table byte_map: [0x000000011d30f000,0x000000011d710000] byte_map_base: 0x000000011990f000

Marking Bits: (ParMarkBitMap*) 0x000000010d89c330
 Begin Bits: [0x000000011e1d3000, 0x00000001201d3000)
 End Bits:   [0x00000001201d3000, 0x00000001221d3000)

Polling page: 0x000000010bfea000

CodeCache: size=245760Kb used=10785Kb max_used=11604Kb free=234974Kb
 bounds [0x000000010df4f000, 0x000000010eabf000, 0x000000011cf4f000]
 total_blobs=3309 nmethods=2846 adapters=377
 compilation: enabled

Compilation events (10 events):
Event: 11.188 Thread 0x00007fcec3037000 3180       4       java.lang.ClassLoader::checkPackageAccess (122 bytes)
Event: 11.189 Thread 0x00007fcec3035000 3181       4       org.objectweb.asm.tree.FieldNode::<init> (34 bytes)
Event: 11.190 Thread 0x00007fcec3035000 nmethod 3181 0x000000010e28f1d0 code [0x000000010e28f320, 0x000000010e28f418]
Event: 11.191 Thread 0x00007fcec182b000 3182       1       net.minecraft.client.settings.KeyBinding::getKeyDescription (5 bytes)
Event: 11.191 Thread 0x00007fcec182b000 nmethod 3182 0x000000010e04fcd0 code [0x000000010e04fe20, 0x000000010e04ff30]
Event: 11.192 Thread 0x00007fcec182b000 3183       1       net.minecraft.client.audio.SoundCategory::getCategoryName (5 bytes)
Event: 11.192 Thread 0x00007fcec182b000 nmethod 3183 0x000000010e0ebcd0 code [0x000000010e0ebe20, 0x000000010e0ebf30]
Event: 11.192 Thread 0x00007fcec182b000 3184       1       net.minecraft.entity.player.EnumPlayerModelParts::getPartName (5 bytes)
Event: 11.192 Thread 0x00007fcec182b000 nmethod 3184 0x000000010e1abf50 code [0x000000010e1ac0a0, 0x000000010e1ac1b0]
Event: 11.213 Thread 0x00007fcec3037000 nmethod 3180 0x000000010e4b62d0 code [0x000000010e4b6560, 0x000000010e4b7d50]

GC Heap History (10 events):
Event: 8.611 GC heap before
{Heap before GC invocations=7 (full 1):
 PSYoungGen      total 71680K, used 71654K [0x0000000795580000, 0x000000079e180000, 0x00000007c0000000)
  eden space 66560K, 100% used [0x0000000795580000,0x0000000799680000,0x0000000799680000)
  from space 5120K, 99% used [0x0000000799680000,0x0000000799b79a40,0x0000000799b80000)
  to   space 5120K, 0% used [0x000000079dc80000,0x000000079dc80000,0x000000079e180000)
 ParOldGen       total 87552K, used 23392K [0x0000000740000000, 0x0000000745580000, 0x0000000795580000)
  object space 87552K, 26% used [0x0000000740000000,0x00000007416d8298,0x0000000745580000)
 Metaspace       used 19255K, capacity 19496K, committed 19712K, reserved 1067008K
  class space    used 2229K, capacity 2294K, committed 2304K, reserved 1048576K
Event: 8.624 GC heap after
Heap after GC invocations=7 (full 1):
 PSYoungGen      total 125440K, used 5117K [0x0000000795580000, 0x000000079fa80000, 0x00000007c0000000)
  eden space 120320K, 0% used [0x0000000795580000,0x0000000795580000,0x000000079cb00000)
  from space 5120K, 99% used [0x000000079dc80000,0x000000079e17f468,0x000000079e180000)
  to   space 17920K, 0% used [0x000000079cb00000,0x000000079cb00000,0x000000079dc80000)
 ParOldGen       total 87552K, used 35766K [0x0000000740000000, 0x0000000745580000, 0x0000000795580000)
  object space 87552K, 40% used [0x0000000740000000,0x00000007422ed8e0,0x0000000745580000)
 Metaspace       used 19255K, capacity 19496K, committed 19712K, reserved 1067008K
  class space    used 2229K, capacity 2294K, committed 2304K, reserved 1048576K
}
Event: 9.596 GC heap before
{Heap before GC invocations=8 (full 1):
 PSYoungGen      total 125440K, used 125437K [0x0000000795580000, 0x000000079fa80000, 0x00000007c0000000)
  eden space 120320K, 100% used [0x0000000795580000,0x000000079cb00000,0x000000079cb00000)
  from space 5120K, 99% used [0x000000079dc80000,0x000000079e17f468,0x000000079e180000)
  to   space 17920K, 0% used [0x000000079cb00000,0x000000079cb00000,0x000000079dc80000)
 ParOldGen       total 87552K, used 35766K [0x0000000740000000, 0x0000000745580000, 0x0000000795580000)
  object space 87552K, 40% used [0x0000000740000000,0x00000007422ed8e0,0x0000000745580000)
 Metaspace       used 21465K, capacity 21774K, committed 21888K, reserved 1069056K
  class space    used 2557K, capacity 2647K, committed 2688K, reserved 1048576K
Event: 9.613 GC heap after
Heap after GC invocations=8 (full 1):
 PSYoungGen      total 138240K, used 14783K [0x0000000795580000, 0x00000007a6680000, 0x00000007c0000000)
  eden space 120320K, 0% used [0x0000000795580000,0x0000000795580000,0x000000079cb00000)
  from space 17920K, 82% used [0x000000079cb00000,0x000000079d96fe78,0x000000079dc80000)
  to   space 19456K, 0% used [0x00000007a5380000,0x00000007a5380000,0x00000007a6680000)
 ParOldGen       total 87552K, used 35774K [0x0000000740000000, 0x0000000745580000, 0x0000000795580000)
  object space 87552K, 40% used [0x0000000740000000,0x00000007422ef8e0,0x0000000745580000)
 Metaspace       used 21465K, capacity 21774K, committed 21888K, reserved 1069056K
  class space    used 2557K, capacity 2647K, committed 2688K, reserved 1048576K
}
Event: 9.986 GC heap before
{Heap before GC invocations=9 (full 1):
 PSYoungGen      total 138240K, used 135103K [0x0000000795580000, 0x00000007a6680000, 0x00000007c0000000)
  eden space 120320K, 100% used [0x0000000795580000,0x000000079cb00000,0x000000079cb00000)
  from space 17920K, 82% used [0x000000079cb00000,0x000000079d96fe78,0x000000079dc80000)
  to   space 19456K, 0% used [0x00000007a5380000,0x00000007a5380000,0x00000007a6680000)
 ParOldGen       total 87552K, used 35774K [0x0000000740000000, 0x0000000745580000, 0x0000000795580000)
  object space 87552K, 40% used [0x0000000740000000,0x00000007422ef8e0,0x0000000745580000)
 Metaspace       used 21546K, capacity 21838K, committed 22144K, reserved 1069056K
  class space    used 2568K, capacity 2647K, committed 2688K, reserved 1048576K
Event: 10.004 GC heap after
Heap after GC invocations=9 (full 1):
 PSYoungGen      total 257024K, used 19427K [0x0000000795580000, 0x00000007a6c80000, 0x00000007c0000000)
  eden space 237568K, 0% used [0x0000000795580000,0x0000000795580000,0x00000007a3d80000)
  from space 19456K, 99% used [0x00000007a5380000,0x00000007a6678dd0,0x00000007a6680000)
  to   space 22528K, 0% used [0x00000007a3d80000,0x00000007a3d80000,0x00000007a5380000)
 ParOldGen       total 87552K, used 37023K [0x0000000740000000, 0x0000000745580000, 0x0000000795580000)
  object space 87552K, 42% used [0x0000000740000000,0x0000000742427e68,0x0000000745580000)
 Metaspace       used 21546K, capacity 21838K, committed 22144K, reserved 1069056K
  class space    used 2568K, capacity 2647K, committed 2688K, reserved 1048576K
}
Event: 11.000 GC heap before
{Heap before GC invocations=10 (full 1):
 PSYoungGen      total 257024K, used 224936K [0x0000000795580000, 0x00000007a6c80000, 0x00000007c0000000)
  eden space 237568K, 86% used [0x0000000795580000,0x00000007a1e314c0,0x00000007a3d80000)
  from space 19456K, 99% used [0x00000007a5380000,0x00000007a6678dd0,0x00000007a6680000)
  to   space 22528K, 0% used [0x00000007a3d80000,0x00000007a3d80000,0x00000007a5380000)
 ParOldGen       total 87552K, used 37023K [0x0000000740000000, 0x0000000745580000, 0x0000000795580000)
  object space 87552K, 42% used [0x0000000740000000,0x0000000742427e68,0x0000000745580000)
 Metaspace       used 25001K, capacity 25262K, committed 25344K, reserved 1071104K
  class space    used 3223K, capacity 3319K, committed 3328K, reserved 1048576K
Event: 11.029 GC heap after
Heap after GC invocations=10 (full 1):
 PSYoungGen      total 260096K, used 22506K [0x0000000795580000, 0x00000007b6380000, 0x00000007c0000000)
  eden space 237568K, 0% used [0x0000000795580000,0x0000000795580000,0x00000007a3d80000)
  from space 22528K, 99% used [0x00000007a3d80000,0x00000007a537a808,0x00000007a5380000)
  to   space 31744K, 0% used [0x00000007b4480000,0x00000007b4480000,0x00000007b6380000)
 ParOldGen       total 87552K, used 51875K [0x0000000740000000, 0x0000000745580000, 0x0000000795580000)
  object space 87552K, 59% used [0x0000000740000000,0x00000007432a8c58,0x0000000745580000)
 Metaspace       used 25001K, capacity 25262K, committed 25344K, reserved 1071104K
  class space    used 3223K, capacity 3319K, committed 3328K, reserved 1048576K
}
Event: 11.029 GC heap before
{Heap before GC invocations=11 (full 2):
 PSYoungGen      total 260096K, used 22506K [0x0000000795580000, 0x00000007b6380000, 0x00000007c0000000)
  eden space 237568K, 0% used [0x0000000795580000,0x0000000795580000,0x00000007a3d80000)
  from space 22528K, 99% used [0x00000007a3d80000,0x00000007a537a808,0x00000007a5380000)
  to   space 31744K, 0% used [0x00000007b4480000,0x00000007b4480000,0x00000007b6380000)
 ParOldGen       total 87552K, used 51875K [0x0000000740000000, 0x0000000745580000, 0x0000000795580000)
  object space 87552K, 59% used [0x0000000740000000,0x00000007432a8c58,0x0000000745580000)
 Metaspace       used 25001K, capacity 25262K, committed 25344K, reserved 1071104K
  class space    used 3223K, capacity 3319K, committed 3328K, reserved 1048576K
Event: 11.173 GC heap after
Heap after GC invocations=11 (full 2):
 PSYoungGen      total 260096K, used 0K [0x0000000795580000, 0x00000007b6380000, 0x00000007c0000000)
  eden space 237568K, 0% used [0x0000000795580000,0x0000000795580000,0x00000007a3d80000)
  from space 22528K, 0% used [0x00000007a3d80000,0x00000007a3d80000,0x00000007a5380000)
  to   space 31744K, 0% used [0x00000007b4480000,0x00000007b4480000,0x00000007b6380000)
 ParOldGen       total 124416K, used 56514K [0x0000000740000000, 0x0000000747980000, 0x0000000795580000)
  object space 124416K, 45% used [0x0000000740000000,0x0000000743730a28,0x0000000747980000)
 Metaspace       used 25001K, capacity 25262K, committed 25344K, reserved 1071104K
  class space    used 3223K, capacity 3319K, committed 3328K, reserved 1048576K
}

Deoptimization events (10 events):
Event: 10.791 Thread 0x00007fcec2001000 Uncommon trap: reason=class_check action=maybe_recompile pc=0x000000010e9a848c method=java.util.regex.Pattern$Curly.match0(Ljava/util/regex/Matcher;IILjava/lang/CharSequence;)Z @ 31
Event: 10.791 Thread 0x00007fcec2001000 Uncommon trap: reason=class_check action=maybe_recompile pc=0x000000010e9a848c method=java.util.regex.Pattern$Curly.match0(Ljava/util/regex/Matcher;IILjava/lang/CharSequence;)Z @ 31
Event: 10.791 Thread 0x00007fcec2001000 Uncommon trap: reason=bimorphic action=maybe_recompile pc=0x000000010ea05514 method=java.util.regex.Pattern$5.isSatisfiedBy(I)Z @ 5
Event: 10.792 Thread 0x00007fcec2001000 Uncommon trap: reason=bimorphic action=maybe_recompile pc=0x000000010e95b000 method=java.util.regex.Pattern$Branch.match(Ljava/util/regex/Matcher;ILjava/lang/CharSequence;)Z @ 32
Event: 10.792 Thread 0x00007fcec2001000 Uncommon trap: reason=class_check action=maybe_recompile pc=0x000000010e9a848c method=java.util.regex.Pattern$Curly.match0(Ljava/util/regex/Matcher;IILjava/lang/CharSequence;)Z @ 31
Event: 10.792 Thread 0x00007fcec2001000 Uncommon trap: reason=bimorphic action=maybe_recompile pc=0x000000010ea05514 method=java.util.regex.Pattern$5.isSatisfiedBy(I)Z @ 5
Event: 10.792 Thread 0x00007fcec2001000 Uncommon trap: reason=bimorphic action=maybe_recompile pc=0x000000010ea05514 method=java.util.regex.Pattern$5.isSatisfiedBy(I)Z @ 5
Event: 10.792 Thread 0x00007fcec2001000 Uncommon trap: reason=bimorphic action=maybe_recompile pc=0x000000010e95b000 method=java.util.regex.Pattern$Branch.match(Ljava/util/regex/Matcher;ILjava/lang/CharSequence;)Z @ 32
Event: 10.792 Thread 0x00007fcec2001000 Uncommon trap: reason=bimorphic action=maybe_recompile pc=0x000000010e95b000 method=java.util.regex.Pattern$Branch.match(Ljava/util/regex/Matcher;ILjava/lang/CharSequence;)Z @ 32
Event: 10.928 Thread 0x00007fcec2001000 Uncommon trap: reason=unreached action=reinterpret pc=0x000000010e15ebf0 method=java.util.HashMap.hash(Ljava/lang/Object;)I @ 1

Internal exceptions (10 events):
Event: 11.209 Thread 0x00007fcec2001000 Exception <a 'java/security/PrivilegedActionException'> (0x0000000795ca5cc8) thrown at [/HUDSON3/workspace/8-2-build-macosx-x86_64/jdk8u20/1074/hotspot/src/share/vm/prims/jvm.cpp, line 1275]
Event: 11.209 Thread 0x00007fcec2001000 Exception <a 'java/security/PrivilegedActionException'> (0x0000000795cb2120) thrown at [/HUDSON3/workspace/8-2-build-macosx-x86_64/jdk8u20/1074/hotspot/src/share/vm/prims/jvm.cpp, line 1275]
Event: 11.210 Thread 0x00007fcec2001000 Exception <a 'java/security/PrivilegedActionException'> (0x0000000795cba668) thrown at [/HUDSON3/workspace/8-2-build-macosx-x86_64/jdk8u20/1074/hotspot/src/share/vm/prims/jvm.cpp, line 1275]
Event: 11.228 Thread 0x00007fcec2001000 Exception <a 'java/security/PrivilegedActionException'> (0x0000000795cc59a8) thrown at [/HUDSON3/workspace/8-2-build-macosx-x86_64/jdk8u20/1074/hotspot/src/share/vm/prims/jvm.cpp, line 1275]
Event: 11.229 Thread 0x00007fcec2001000 Exception <a 'java/security/PrivilegedActionException'> (0x0000000795cd0b10) thrown at [/HUDSON3/workspace/8-2-build-macosx-x86_64/jdk8u20/1074/hotspot/src/share/vm/prims/jvm.cpp, line 1275]
Event: 11.252 Thread 0x00007fcec2001000 Exception <a 'java/security/PrivilegedActionException'> (0x0000000795cd8868) thrown at [/HUDSON3/workspace/8-2-build-macosx-x86_64/jdk8u20/1074/hotspot/src/share/vm/prims/jvm.cpp, line 1275]
Event: 11.254 Thread 0x00007fcec2001000 Exception <a 'java/security/PrivilegedActionException'> (0x0000000795cea098) thrown at [/HUDSON3/workspace/8-2-build-macosx-x86_64/jdk8u20/1074/hotspot/src/share/vm/prims/jvm.cpp, line 1275]
Event: 11.255 Thread 0x00007fcec2001000 Exception <a 'java/security/PrivilegedActionException'> (0x0000000795cf3480) thrown at [/HUDSON3/workspace/8-2-build-macosx-x86_64/jdk8u20/1074/hotspot/src/share/vm/prims/jvm.cpp, line 1275]
Event: 11.256 Thread 0x00007fcec2001000 Exception <a 'java/security/PrivilegedActionException'> (0x0000000795d00408) thrown at [/HUDSON3/workspace/8-2-build-macosx-x86_64/jdk8u20/1074/hotspot/src/share/vm/prims/jvm.cpp, line 1275]
Event: 11.256 Thread 0x00007fcec2001000 Exception <a 'java/security/PrivilegedActionException'> (0x0000000795d07ec8) thrown at [/HUDSON3/workspace/8-2-build-macosx-x86_64/jdk8u20/1074/hotspot/src/share/vm/prims/jvm.cpp, line 1275]

Events (10 events):
Event: 11.254 loading class java/nio/charset/CharacterCodingException
Event: 11.254 loading class java/nio/charset/CharacterCodingException done
Event: 11.254 loading class org/lwjgl/MemoryUtil$Accessor
Event: 11.254 loading class org/lwjgl/MemoryUtil$Accessor done
Event: 11.255 loading class org/lwjgl/MemoryUtilSun$AccessorUnsafe
Event: 11.255 loading class org/lwjgl/MemoryUtilSun$AccessorUnsafe done
Event: 11.256 loading class org/lwjgl/MemoryUtilSun
Event: 11.256 loading class org/lwjgl/MemoryUtilSun done
Event: 11.256 loading class org/lwjgl/MemoryUtilSun$AccessorReflectFast
Event: 11.256 loading class org/lwjgl/MemoryUtilSun$AccessorReflectFast done


Dynamic libraries:
0x0000000004f46000 	/System/Library/Frameworks/Cocoa.framework/Versions/A/Cocoa
0x0000000004f46000 	/System/Library/Frameworks/Security.framework/Versions/A/Security
0x0000000004f46000 	/System/Library/Frameworks/ApplicationServices.framework/Versions/A/ApplicationServices
0x0000000004f46000 	/usr/lib/libz.1.dylib
0x0000000004f46000 	/usr/lib/libSystem.B.dylib
0x0000000004f46000 	/usr/lib/libobjc.A.dylib
0x0000000004f46000 	/System/Library/Frameworks/CoreFoundation.framework/Versions/A/CoreFoundation
0x0000000004f46000 	/System/Library/Frameworks/Foundation.framework/Versions/C/Foundation
0x0000000004f46000 	/System/Library/Frameworks/AppKit.framework/Versions/C/AppKit
0x0000000004f46000 	/System/Library/Frameworks/CoreData.framework/Versions/A/CoreData
0x0000000004f46000 	/System/Library/PrivateFrameworks/RemoteViewServices.framework/Versions/A/RemoteViewServices
0x0000000004f46000 	/System/Library/PrivateFrameworks/UIFoundation.framework/Versions/A/UIFoundation
0x0000000004f46000 	/System/Library/Frameworks/IOSurface.framework/Versions/A/IOSurface
0x0000000004f46000 	/System/Library/Frameworks/AudioToolbox.framework/Versions/A/AudioToolbox
0x0000000004f46000 	/System/Library/Frameworks/AudioUnit.framework/Versions/A/AudioUnit
0x0000000004f46000 	/System/Library/PrivateFrameworks/DataDetectorsCore.framework/Versions/A/DataDetectorsCore
0x0000000004f46000 	/System/Library/PrivateFrameworks/DesktopServicesPriv.framework/Versions/A/DesktopServicesPriv
0x0000000004f46000 	/System/Library/Frameworks/Carbon.framework/Versions/A/Frameworks/HIToolbox.framework/Versions/A/HIToolbox
0x0000000004f46000 	/System/Library/Frameworks/QuartzCore.framework/Versions/A/QuartzCore
0x0000000004f46000 	/System/Library/Frameworks/Carbon.framework/Versions/A/Frameworks/SpeechRecognition.framework/Versions/A/SpeechRecognition
0x0000000004f46000 	/usr/lib/libauto.dylib
0x0000000004f46000 	/usr/lib/libicucore.A.dylib
0x0000000004f46000 	/usr/lib/libxml2.2.dylib
0x0000000004f46000 	/System/Library/PrivateFrameworks/CoreUI.framework/Versions/A/CoreUI
0x0000000004f46000 	/System/Library/Frameworks/CoreAudio.framework/Versions/A/CoreAudio
0x0000000004f46000 	/System/Library/Frameworks/DiskArbitration.framework/Versions/A/DiskArbitration
0x0000000004f46000 	/usr/lib/liblangid.dylib
0x0000000004f46000 	/System/Library/PrivateFrameworks/MultitouchSupport.framework/Versions/A/MultitouchSupport
0x0000000004f46000 	/System/Library/Frameworks/IOKit.framework/Versions/A/IOKit
0x0000000004f46000 	/usr/lib/libDiagnosticMessagesClient.dylib
0x0000000004f46000 	/System/Library/Frameworks/CoreServices.framework/Versions/A/CoreServices
0x0000000004f46000 	/System/Library/PrivateFrameworks/PerformanceAnalysis.framework/Versions/A/PerformanceAnalysis
0x0000000004f46000 	/System/Library/PrivateFrameworks/GenerationalStorage.framework/Versions/A/GenerationalStorage
0x0000000004f46000 	/System/Library/Frameworks/OpenGL.framework/Versions/A/OpenGL
0x0000000004f46000 	/System/Library/PrivateFrameworks/Sharing.framework/Versions/A/Sharing
0x0000000004f46000 	/System/Library/Frameworks/CoreGraphics.framework/Versions/A/CoreGraphics
0x0000000004f46000 	/System/Library/Frameworks/CoreText.framework/Versions/A/CoreText
0x0000000004f46000 	/System/Library/Frameworks/ImageIO.framework/Versions/A/ImageIO
0x0000000004f46000 	/usr/lib/libextension.dylib
0x0000000004f46000 	/System/Library/PrivateFrameworks/Backup.framework/Versions/A/Backup
0x0000000004f46000 	/usr/lib/libarchive.2.dylib
0x0000000004f46000 	/System/Library/Frameworks/CFNetwork.framework/Versions/A/CFNetwork
0x0000000004f46000 	/System/Library/Frameworks/SystemConfiguration.framework/Versions/A/SystemConfiguration
0x0000000004f46000 	/usr/lib/libCRFSuite.dylib
0x0000000004f46000 	/usr/lib/libc++.1.dylib
0x0000000004f46000 	/usr/lib/libc++abi.dylib
0x0000000004f46000 	/usr/lib/system/libcache.dylib
0x0000000004f46000 	/usr/lib/system/libcommonCrypto.dylib
0x0000000004f46000 	/usr/lib/system/libcompiler_rt.dylib
0x0000000004f46000 	/usr/lib/system/libcopyfile.dylib
0x0000000004f46000 	/usr/lib/system/libcorecrypto.dylib
0x0000000004f46000 	/usr/lib/system/libdispatch.dylib
0x0000000004f46000 	/usr/lib/system/libdyld.dylib
0x0000000004f46000 	/usr/lib/system/libkeymgr.dylib
0x0000000004f46000 	/usr/lib/system/liblaunch.dylib
0x0000000004f46000 	/usr/lib/system/libmacho.dylib
0x0000000004f46000 	/usr/lib/system/libquarantine.dylib
0x0000000004f46000 	/usr/lib/system/libremovefile.dylib
0x0000000004f46000 	/usr/lib/system/libsystem_asl.dylib
0x0000000004f46000 	/usr/lib/system/libsystem_blocks.dylib
0x0000000004f46000 	/usr/lib/system/libsystem_c.dylib
0x0000000004f46000 	/usr/lib/system/libsystem_configuration.dylib
0x0000000004f46000 	/usr/lib/system/libsystem_coreservices.dylib
0x0000000004f46000 	/usr/lib/system/libsystem_coretls.dylib
0x0000000004f46000 	/usr/lib/system/libsystem_dnssd.dylib
0x0000000004f46000 	/usr/lib/system/libsystem_info.dylib
0x0000000004f46000 	/usr/lib/system/libsystem_kernel.dylib
0x0000000004f46000 	/usr/lib/system/libsystem_m.dylib
0x0000000004f46000 	/usr/lib/system/libsystem_malloc.dylib
0x0000000004f46000 	/usr/lib/system/libsystem_network.dylib
0x0000000004f46000 	/usr/lib/system/libsystem_networkextension.dylib
0x0000000004f46000 	/usr/lib/system/libsystem_notify.dylib
0x0000000004f46000 	/usr/lib/system/libsystem_platform.dylib
0x0000000004f46000 	/usr/lib/system/libsystem_pthread.dylib
0x0000000004f46000 	/usr/lib/system/libsystem_sandbox.dylib
0x0000000004f46000 	/usr/lib/system/libsystem_secinit.dylib
0x0000000004f46000 	/usr/lib/system/libsystem_stats.dylib
0x0000000004f46000 	/usr/lib/system/libsystem_trace.dylib
0x0000000004f46000 	/usr/lib/system/libunc.dylib
0x0000000004f46000 	/usr/lib/system/libunwind.dylib
0x0000000004f46000 	/usr/lib/system/libxpc.dylib
0x0000000004f46000 	/usr/lib/libbz2.1.0.dylib
0x0000000004f46000 	/usr/lib/liblzma.5.dylib
0x0000000004f46000 	/usr/lib/libbsm.0.dylib
0x0000000004f46000 	/usr/lib/libsqlite3.dylib
0x0000000004f46000 	/usr/lib/system/libkxld.dylib
0x0000000004f46000 	/usr/lib/libxar.1.dylib
0x0000000004f46000 	/usr/lib/libpam.2.dylib
0x0000000004f46000 	/usr/lib/libOpenScriptingUtil.dylib
0x0000000004f46000 	/System/Library/Frameworks/CoreServices.framework/Versions/A/Frameworks/FSEvents.framework/Versions/A/FSEvents
0x0000000004f46000 	/System/Library/Frameworks/CoreServices.framework/Versions/A/Frameworks/CarbonCore.framework/Versions/A/CarbonCore
0x0000000004f46000 	/System/Library/Frameworks/CoreServices.framework/Versions/A/Frameworks/Metadata.framework/Versions/A/Metadata
0x0000000004f46000 	/System/Library/Frameworks/CoreServices.framework/Versions/A/Frameworks/OSServices.framework/Versions/A/OSServices
0x0000000004f46000 	/System/Library/Frameworks/CoreServices.framework/Versions/A/Frameworks/SearchKit.framework/Versions/A/SearchKit
0x0000000004f46000 	/System/Library/Frameworks/CoreServices.framework/Versions/A/Frameworks/AE.framework/Versions/A/AE
0x0000000004f46000 	/System/Library/Frameworks/CoreServices.framework/Versions/A/Frameworks/LaunchServices.framework/Versions/A/LaunchServices
0x0000000004f46000 	/System/Library/Frameworks/CoreServices.framework/Versions/A/Frameworks/DictionaryServices.framework/Versions/A/DictionaryServices
0x0000000004f46000 	/System/Library/Frameworks/NetFS.framework/Versions/A/NetFS
0x0000000004f46000 	/System/Library/PrivateFrameworks/NetAuth.framework/Versions/A/NetAuth
0x0000000004f46000 	/System/Library/PrivateFrameworks/login.framework/Versions/A/Frameworks/loginsupport.framework/Versions/A/loginsupport
0x0000000004f46000 	/System/Library/PrivateFrameworks/TCC.framework/Versions/A/TCC
0x0000000004f46000 	/usr/lib/libmecabra.dylib
0x0000000004f46000 	/System/Library/Frameworks/ApplicationServices.framework/Versions/A/Frameworks/ATS.framework/Versions/A/ATS
0x0000000004f46000 	/System/Library/Frameworks/ApplicationServices.framework/Versions/A/Frameworks/ColorSync.framework/Versions/A/ColorSync
0x0000000004f46000 	/System/Library/Frameworks/ApplicationServices.framework/Versions/A/Frameworks/HIServices.framework/Versions/A/HIServices
0x0000000004f46000 	/System/Library/Frameworks/ApplicationServices.framework/Versions/A/Frameworks/LangAnalysis.framework/Versions/A/LangAnalysis
0x0000000004f46000 	/System/Library/Frameworks/ApplicationServices.framework/Versions/A/Frameworks/PrintCore.framework/Versions/A/PrintCore
0x0000000004f46000 	/System/Library/Frameworks/ApplicationServices.framework/Versions/A/Frameworks/QD.framework/Versions/A/QD
0x0000000004f46000 	/System/Library/Frameworks/ApplicationServices.framework/Versions/A/Frameworks/SpeechSynthesis.framework/Versions/A/SpeechSynthesis
0x0000000004f46000 	/System/Library/Frameworks/Accelerate.framework/Versions/A/Accelerate
0x0000000004f46000 	/System/Library/Frameworks/Accelerate.framework/Versions/A/Frameworks/vImage.framework/Versions/A/vImage
0x0000000004f46000 	/System/Library/Frameworks/Accelerate.framework/Versions/A/Frameworks/vecLib.framework/Versions/A/vecLib
0x0000000004f46000 	/System/Library/Frameworks/Accelerate.framework/Versions/A/Frameworks/vecLib.framework/Versions/A/libvDSP.dylib
0x0000000004f46000 	/System/Library/Frameworks/Accelerate.framework/Versions/A/Frameworks/vecLib.framework/Versions/A/libvMisc.dylib
0x0000000004f46000 	/System/Library/Frameworks/Accelerate.framework/Versions/A/Frameworks/vecLib.framework/Versions/A/libLAPACK.dylib
0x0000000004f46000 	/System/Library/Frameworks/Accelerate.framework/Versions/A/Frameworks/vecLib.framework/Versions/A/libBLAS.dylib
0x0000000004f46000 	/System/Library/Frameworks/Accelerate.framework/Versions/A/Frameworks/vecLib.framework/Versions/A/libLinearAlgebra.dylib
0x0000000004f46000 	/System/Library/Frameworks/ApplicationServices.framework/Versions/A/Frameworks/ATS.framework/Versions/A/Resources/libFontParser.dylib
0x0000000004f46000 	/System/Library/Frameworks/ApplicationServices.framework/Versions/A/Frameworks/ATS.framework/Versions/A/Resources/libFontRegistry.dylib
0x0000000004f46000 	/System/Library/PrivateFrameworks/AppleVPA.framework/Versions/A/AppleVPA
0x0000000004f46000 	/System/Library/PrivateFrameworks/AppleJPEG.framework/Versions/A/AppleJPEG
0x0000000004f46000 	/System/Library/Frameworks/ImageIO.framework/Versions/A/Resources/libJPEG.dylib
0x0000000004f46000 	/System/Library/Frameworks/ImageIO.framework/Versions/A/Resources/libTIFF.dylib
0x0000000004f46000 	/System/Library/Frameworks/ImageIO.framework/Versions/A/Resources/libPng.dylib
0x0000000004f46000 	/System/Library/Frameworks/ImageIO.framework/Versions/A/Resources/libGIF.dylib
0x0000000004f46000 	/System/Library/Frameworks/ImageIO.framework/Versions/A/Resources/libJP2.dylib
0x0000000004f46000 	/System/Library/Frameworks/ImageIO.framework/Versions/A/Resources/libRadiance.dylib
0x0000000004f46000 	/System/Library/Frameworks/CoreVideo.framework/Versions/A/CoreVideo
0x0000000004f46000 	/System/Library/Frameworks/OpenGL.framework/Versions/A/Libraries/libGLU.dylib
0x0000000004f46000 	/System/Library/Frameworks/OpenGL.framework/Versions/A/Libraries/libGFXShared.dylib
0x0000000004f46000 	/System/Library/Frameworks/OpenGL.framework/Versions/A/Libraries/libGL.dylib
0x0000000004f46000 	/System/Library/Frameworks/OpenGL.framework/Versions/A/Libraries/libGLImage.dylib
0x0000000004f46000 	/System/Library/Frameworks/OpenGL.framework/Versions/A/Libraries/libCVMSPluginSupport.dylib
0x0000000004f46000 	/System/Library/Frameworks/OpenGL.framework/Versions/A/Libraries/libCoreVMClient.dylib
0x0000000004f46000 	/usr/lib/libcups.2.dylib
0x0000000004f46000 	/System/Library/Frameworks/Kerberos.framework/Versions/A/Kerberos
0x0000000004f46000 	/System/Library/Frameworks/GSS.framework/Versions/A/GSS
0x0000000004f46000 	/usr/lib/libresolv.9.dylib
0x0000000004f46000 	/usr/lib/libiconv.2.dylib
0x0000000004f46000 	/System/Library/PrivateFrameworks/Heimdal.framework/Versions/A/Heimdal
0x0000000004f46000 	/usr/lib/libheimdal-asn1.dylib
0x0000000004f46000 	/System/Library/Frameworks/OpenDirectory.framework/Versions/A/OpenDirectory
0x0000000004f46000 	/System/Library/PrivateFrameworks/CommonAuth.framework/Versions/A/CommonAuth
0x0000000004f46000 	/System/Library/Frameworks/OpenDirectory.framework/Versions/A/Frameworks/CFOpenDirectory.framework/Versions/A/CFOpenDirectory
0x0000000004f46000 	/System/Library/Frameworks/SecurityFoundation.framework/Versions/A/SecurityFoundation
0x0000000004f46000 	/System/Library/PrivateFrameworks/LanguageModeling.framework/Versions/A/LanguageModeling
0x0000000004f46000 	/usr/lib/libcmph.dylib
0x0000000004f46000 	/System/Library/Frameworks/ServiceManagement.framework/Versions/A/ServiceManagement
0x0000000004f46000 	/usr/lib/libxslt.1.dylib
0x0000000004f46000 	/System/Library/Frameworks/Carbon.framework/Versions/A/Frameworks/Ink.framework/Versions/A/Ink
0x0000000004f46000 	/System/Library/Frameworks/QuartzCore.framework/Versions/A/Frameworks/CoreImage.framework/Versions/A/CoreImage
0x0000000004f46000 	/System/Library/PrivateFrameworks/CrashReporterSupport.framework/Versions/A/CrashReporterSupport
0x0000000004f46000 	/System/Library/Frameworks/OpenCL.framework/Versions/A/OpenCL
0x0000000004f46000 	/System/Library/PrivateFrameworks/FaceCore.framework/Versions/A/FaceCore
0x0000000004f46000 	/System/Library/PrivateFrameworks/Ubiquity.framework/Versions/A/Ubiquity
0x0000000004f46000 	/System/Library/PrivateFrameworks/IconServices.framework/Versions/A/IconServices
0x0000000004f46000 	/System/Library/PrivateFrameworks/ChunkingLibrary.framework/Versions/A/ChunkingLibrary
0x0000000004f46000 	/System/Library/PrivateFrameworks/Apple80211.framework/Versions/A/Apple80211
0x0000000004f46000 	/System/Library/Frameworks/CoreWLAN.framework/Versions/A/CoreWLAN
0x0000000004f46000 	/System/Library/Frameworks/IOBluetooth.framework/Versions/A/IOBluetooth
0x0000000004f46000 	/System/Library/PrivateFrameworks/CoreWiFi.framework/Versions/A/CoreWiFi
0x0000000004f46000 	/System/Library/Frameworks/CoreBluetooth.framework/Versions/A/CoreBluetooth
0x0000000004f46000 	/System/Library/PrivateFrameworks/DebugSymbols.framework/Versions/A/DebugSymbols
0x0000000004f46000 	/System/Library/PrivateFrameworks/CoreSymbolication.framework/Versions/A/CoreSymbolication
0x0000000004f46000 	/System/Library/PrivateFrameworks/Symbolication.framework/Versions/A/Symbolication
0x0000000004f46000 	/System/Library/PrivateFrameworks/SpeechRecognitionCore.framework/Versions/A/SpeechRecognitionCore
0x000000010d000000 	/Library/Java/JavaVirtualMachines/jdk1.8.0_20.jdk/Contents/Home/jre/lib/server/libjvm.dylib
0x0000000004f46000 	/usr/lib/libstdc++.6.dylib
0x000000010bfdc000 	/Library/Java/JavaVirtualMachines/jdk1.8.0_20.jdk/Contents/Home/jre/lib/libverify.dylib
0x000000010df1b000 	/Library/Java/JavaVirtualMachines/jdk1.8.0_20.jdk/Contents/Home/jre/lib/libjava.dylib
0x000000010bff4000 	/Library/Java/JavaVirtualMachines/jdk1.8.0_20.jdk/Contents/Home/jre/lib/libzip.dylib
0x000000012504f000 	/System/Library/Frameworks/JavaVM.framework/Frameworks/JavaRuntimeSupport.framework/JavaRuntimeSupport
0x0000000125067000 	/System/Library/Frameworks/JavaVM.framework/Versions/A/Frameworks/JavaNativeFoundation.framework/Versions/A/JavaNativeFoundation
0x000000012507c000 	/System/Library/Frameworks/JavaVM.framework/Versions/A/JavaVM
0x0000000004f46000 	/System/Library/Frameworks/Carbon.framework/Versions/A/Carbon
0x0000000125089000 	/System/Library/PrivateFrameworks/JavaLaunching.framework/Versions/A/JavaLaunching
0x0000000004f46000 	/System/Library/Frameworks/Carbon.framework/Versions/A/Frameworks/CommonPanels.framework/Versions/A/CommonPanels
0x0000000004f46000 	/System/Library/Frameworks/Carbon.framework/Versions/A/Frameworks/Help.framework/Versions/A/Help
0x0000000004f46000 	/System/Library/Frameworks/Carbon.framework/Versions/A/Frameworks/ImageCapture.framework/Versions/A/ImageCapture
0x0000000004f46000 	/System/Library/Frameworks/Carbon.framework/Versions/A/Frameworks/OpenScripting.framework/Versions/A/OpenScripting
0x0000000004f46000 	/System/Library/Frameworks/Carbon.framework/Versions/A/Frameworks/Print.framework/Versions/A/Print
0x0000000004f46000 	/System/Library/Frameworks/Carbon.framework/Versions/A/Frameworks/SecurityHI.framework/Versions/A/SecurityHI
0x00000001273ae000 	/Library/Java/JavaVirtualMachines/jdk1.8.0_20.jdk/Contents/Home/jre/lib/libmanagement.dylib
0x00000001273bb000 	/Library/Java/JavaVirtualMachines/jdk1.8.0_20.jdk/Contents/Home/jre/lib/libnet.dylib
0x000000012741a000 	/Library/Java/JavaVirtualMachines/jdk1.8.0_20.jdk/Contents/Home/jre/lib/libnio.dylib
0x000000012758e000 	/Library/Java/JavaVirtualMachines/jdk1.8.0_20.jdk/Contents/Home/jre/lib/libsunec.dylib
0x0000000128efa000 	/Library/Java/JavaVirtualMachines/jdk1.8.0_20.jdk/Contents/Home/jre/lib/libawt.dylib
0x0000000129222000 	/Library/Java/JavaVirtualMachines/jdk1.8.0_20.jdk/Contents/Home/jre/lib/./libmlib_image.dylib
0x00000001292ee000 	/Library/Java/JavaVirtualMachines/jdk1.8.0_20.jdk/Contents/Home/jre/lib/libawt_lwawt.dylib
0x0000000127501000 	/Library/Java/JavaVirtualMachines/jdk1.8.0_20.jdk/Contents/Home/jre/lib/./libosxapp.dylib
0x0000000004f46000 	/System/Library/Frameworks/ExceptionHandling.framework/Versions/A/ExceptionHandling
0x0000000004f46000 	/System/Library/PrivateFrameworks/CoreServicesInternal.framework/Versions/A/CoreServicesInternal
0x0000000004f46000 	/System/Library/PrivateFrameworks/CloudDocs.framework/Versions/A/CloudDocs
0x0000000004f46000 	/System/Library/PrivateFrameworks/CoreDuet.framework/Versions/A/CoreDuet
0x0000000004f46000 	/System/Library/Frameworks/CloudKit.framework/Versions/A/CloudKit
0x0000000004f46000 	/System/Library/PrivateFrameworks/ProtocolBuffer.framework/Versions/A/ProtocolBuffer
0x0000000004f46000 	/System/Library/PrivateFrameworks/CoreDuetDaemonProtocol.framework/Versions/A/CoreDuetDaemonProtocol
0x0000000004f46000 	/System/Library/PrivateFrameworks/CoreDuetDebugLogging.framework/Versions/A/CoreDuetDebugLogging
0x0000000004f46000 	/System/Library/Frameworks/CoreLocation.framework/Versions/A/CoreLocation
0x0000000004f46000 	/System/Library/Frameworks/Accounts.framework/Versions/A/Accounts
0x0000000004f46000 	/System/Library/PrivateFrameworks/ApplePushService.framework/Versions/A/ApplePushService
0x0000000004f46000 	/System/Library/PrivateFrameworks/GeoServices.framework/Versions/A/GeoServices
0x0000000004f46000 	/System/Library/PrivateFrameworks/OAuth.framework/Versions/A/OAuth
0x0000000004f46000 	/System/Library/PrivateFrameworks/CoreDaemon.framework/Versions/B/CoreDaemon
0x0000000004f46000 	/usr/lib/libcrypto.0.9.8.dylib
0x0000000004f46000 	/System/Library/PrivateFrameworks/AppleSRP.framework/Versions/A/AppleSRP
0x0000000004f46000 	/System/Library/PrivateFrameworks/TrustEvaluationAgent.framework/Versions/A/TrustEvaluationAgent
0x0000000004f46000 	/System/Library/Frameworks/CoreGraphics.framework/Versions/A/Resources/libCGCMS.A.dylib
0x0000000004f46000 	/System/Library/Frameworks/CoreGraphics.framework/Versions/A/Resources/libRIP.A.dylib
0x0000000004f46000 	/System/Library/Frameworks/CoreGraphics.framework/Versions/A/Resources/libCGXType.A.dylib
0x0000000004f46000 	/System/Library/Frameworks/OpenCL.framework/Versions/A/Libraries/libcldcpuengine.dylib
0x0000000004f46000 	/System/Library/PrivateFrameworks/DiskImages.framework/Versions/A/DiskImages
0x0000000004f46000 	/System/Library/Frameworks/DiscRecording.framework/Versions/A/DiscRecording
0x0000000004f46000 	/usr/lib/libcsfde.dylib
0x0000000004f46000 	/usr/lib/libcurl.4.dylib
0x0000000004f46000 	/System/Library/PrivateFrameworks/MediaKit.framework/Versions/A/MediaKit
0x0000000004f46000 	/System/Library/PrivateFrameworks/ProtectedCloudStorage.framework/Versions/A/ProtectedCloudStorage
0x0000000004f46000 	/usr/lib/libCoreStorage.dylib
0x0000000004f46000 	/System/Library/PrivateFrameworks/EFILogin.framework/Versions/A/EFILogin
0x0000000004f46000 	/usr/lib/libutil.dylib
0x0000000004f46000 	/System/Library/PrivateFrameworks/FindMyDevice.framework/Versions/A/FindMyDevice
0x0000000004f46000 	/System/Library/Frameworks/LDAP.framework/Versions/A/LDAP
0x0000000004f46000 	/usr/lib/libsasl2.2.dylib
0x00000001274cc000 	cl_kernels
0x000000012c252000 	/System/Library/Frameworks/OpenCL.framework/Versions/A/Libraries/ImageFormats/unorm8_bgra.dylib
0x00000001274be000 	cl_kernels
0x0000000004f46000 	/System/Library/PrivateFrameworks/FamilyControls.framework/Versions/A/FamilyControls
0x0000000004f46000 	/System/Library/PrivateFrameworks/CommerceKit.framework/Versions/A/Frameworks/CommerceCore.framework/Versions/A/CommerceCore
0x0000000004f46000 	/System/Library/PrivateFrameworks/SystemAdministration.framework/Versions/A/SystemAdministration
0x0000000004f46000 	/System/Library/PrivateFrameworks/AppContainer.framework/Versions/A/AppContainer
0x0000000004f46000 	/System/Library/PrivateFrameworks/SecCodeWrapper.framework/Versions/A/SecCodeWrapper
0x0000000004f46000 	/System/Library/Frameworks/DirectoryService.framework/Versions/A/DirectoryService
0x0000000004f46000 	/System/Library/PrivateFrameworks/LoginUIKit.framework/Versions/A/Frameworks/LoginUICore.framework/Versions/A/LoginUICore
0x0000000004f46000 	/usr/lib/libodfde.dylib
0x00000001284f1000 	/Library/Java/JavaVirtualMachines/jdk1.8.0_20.jdk/Contents/Home/jre/lib/libfontmanager.dylib
0x000000012d47c000 	/Users/Michael/.gradle/caches/minecraft/net/minecraft/minecraft_natives/1.8/liblwjgl.dylib
0x00000001274e7000 	/Library/Java/JavaVirtualMachines/jdk1.8.0_20.jdk/Contents/Home/jre/lib/libjawt.dylib
0x0000000004f46000 	/System/Library/Frameworks/OpenGL.framework/Versions/A/Resources/GLEngine.bundle/GLEngine
0x0000000004f46000 	/System/Library/Frameworks/OpenGL.framework/Versions/A/Libraries/libGLProgrammability.dylib
0x0000000000000000 	/System/Library/Extensions/AppleIntelHD4000GraphicsGLDriver.bundle/Contents/MacOS/AppleIntelHD4000GraphicsGLDriver
0x0000000004f46000 	/System/Library/PrivateFrameworks/IOAccelerator.framework/Versions/A/IOAccelerator
0x0000000004f46000 	/System/Library/PrivateFrameworks/GPUSupport.framework/Versions/A/Libraries/libGPUSupportMercury.dylib
0x0000000000000000 	/System/Library/Extensions/GeForceGLDriver.bundle/Contents/MacOS/GeForceGLDriver
0x0000000004f46000 	/System/Library/Extensions/GeForceGLDriver.bundle/Contents/MacOS/libclh.dylib
0x0000000004f46000 	/System/Library/Frameworks/OpenGL.framework/Versions/A/Resources/GLRendererFloat.bundle/GLRendererFloat

VM Arguments:
jvm_args: -Dfile.encoding=UTF-8 
java_command: GradleStart --username=cclloyd9786@gmail.com --password=these7enpillar
java_class_path (initial): /Users/Michael/Minecraft/Minecraft Dev/Minecraft Server - Dev - 1.8 - Forge 11.14.1.1134/bin:/Users/Michael/.gradle/caches/minecraft/net/minecraftforge/forge/1.8-11.14.1.1334/snapshot/20141130/forgeSrc-1.8-11.14.1.1334.jar:/Users/Michael/.gradle/caches/modules-2/files-2.1/net.minecraft/launchwrapper/1.11/9c0592c6e1e9ea296a70948081bd4cc84dda1289/launchwrapper-1.11.jar:/Users/Michael/.gradle/caches/modules-2/files-2.1/org.ow2.asm/asm-debug-all/5.0.3/f9e364ae2a66ce2a543012a4668856e84e5dab74/asm-debug-all-5.0.3.jar:/Users/Michael/.gradle/caches/modules-2/files-2.1/com.typesafe.akka/akka-actor_2.11/2.3.3/ed62e9fc709ca0f2ff1a3220daa8b70a2870078e/akka-actor_2.11-2.3.3.jar:/Users/Michael/.gradle/caches/modules-2/files-2.1/com.typesafe/config/1.2.1/f771f71fdae3df231bcd54d5ca2d57f0bf93f467/config-1.2.1.jar:/Users/Michael/.gradle/caches/modules-2/files-2.1/org.scala-lang/scala-actors-migration_2.11/1.1.0/dfa8bc42b181d5b9f1a5dd147f8ae308b893eb6f/scala-actors-migration_2.11-1.1.0.jar:/Users/Michael/.gradle/caches/modules-2/files-2.1/org.scala-lang/scala-compiler/2.11.1/56ea2e6c025e0821f28d73ca271218b8dd04926a/scala-compiler-2.11.1.jar:/Users/Michael/.gradle/caches/modules-2/files-2.1/org.scala-lang.plugins/scala-continuations-library_2.11/1.0.2/e517c53a7e9acd6b1668c5a35eccbaa3bab9aac/scala-continuations-library_2.11-1.0.2.jar:/Users/Michael/.gradle/caches/modules-2/files-2.1/org.scala-lang.plugins/scala-continuations-plugin_2.11.1/1.0.2/f361a3283452c57fa30c1ee69448995de23c60f7/scala-continuations-plugin_2.11.1-1.0.2.jar:/Users/Michael/.gradle/caches/modules-2/files-2.1/org.scala-lang/scala-library/2.11.1/e11da23da3eabab9f4777b9220e60d44c1aab6a/scala-library-2.11.1.jar:/Users/Michael/.gradle/caches/modules-2/files-2.1/org.scala-lang/scala-parser-combinators_2.11/1.0.1/f05d7345bf5a58924f2837c6c1f4d73a938e1ff0/scala-parser-combinators_2.11-1.0.1.jar:/Users/Michael/.gradle/caches/modules-2/files-2.1/org.scala-lang/scala-reflect/2.11.1/6580347e61cc7f8e802
Launcher Type: SUN_STANDARD

Environment Variables:
PATH=/usr/bin:/bin:/usr/sbin:/sbin
SHELL=/bin/bash
DISPLAY=/private/tmp/com.apple.launchd.j2luHCW1Uk/org.macosforge.xquartz:0

Signal Handlers:
SIGSEGV: [libjvm.dylib+0x578fd7], sa_mask[0]=11111111011111110111111111111111, sa_flags=SA_ONSTACK|SA_RESTART|SA_SIGINFO
SIGBUS: [libjvm.dylib+0x578fd7], sa_mask[0]=11111111011111110111111111111111, sa_flags=SA_RESTART|SA_SIGINFO
SIGFPE: [libjvm.dylib+0x45ab0c], sa_mask[0]=11111111011111110111111111111111, sa_flags=SA_RESTART|SA_SIGINFO
SIGPIPE: [libjvm.dylib+0x45ab0c], sa_mask[0]=11111111011111110111111111111111, sa_flags=SA_RESTART|SA_SIGINFO
SIGXFSZ: [libjvm.dylib+0x45ab0c], sa_mask[0]=11111111011111110111111111111111, sa_flags=SA_RESTART|SA_SIGINFO
SIGILL: [libjvm.dylib+0x45ab0c], sa_mask[0]=11111111011111110111111111111111, sa_flags=SA_RESTART|SA_SIGINFO
SIGUSR1: SIG_DFL, sa_mask[0]=00000000000000000000000000000000, sa_flags=none
SIGUSR2: [libjvm.dylib+0x45a62a], sa_mask[0]=00100000000000000000000000000000, sa_flags=SA_RESTART|SA_SIGINFO
SIGHUP: [libjvm.dylib+0x458bfd], sa_mask[0]=11111111011111110111111111111111, sa_flags=SA_RESTART|SA_SIGINFO
SIGINT: [libjvm.dylib+0x458bfd], sa_mask[0]=11111111011111110111111111111111, sa_flags=SA_RESTART|SA_SIGINFO
SIGTERM: [libjvm.dylib+0x458bfd], sa_mask[0]=11111111011111110111111111111111, sa_flags=SA_RESTART|SA_SIGINFO
SIGQUIT: [libjvm.dylib+0x458bfd], sa_mask[0]=11111111011111110111111111111111, sa_flags=SA_RESTART|SA_SIGINFO


---------------  S Y S T E M  ---------------

OS:Bsduname:Darwin 14.1.0 Darwin Kernel Version 14.1.0: Thu Feb 26 19:26:47 PST 2015; root:xnu-2782.10.73~1/RELEASE_X86_64 x86_64
rlimit: STACK 8192k, CORE 0k, NPROC 709, NOFILE 10240, AS infinity
load average:3.01 2.15 2.00

CPU:total 8 (4 cores per cpu, 2 threads per core) family 6 model 58 stepping 9, cmov, cx8, fxsr, mmx, sse, sse2, sse3, ssse3, sse4.1, sse4.2, popcnt, avx, aes, clmul, erms, ht, tsc, tscinvbit, tscinv

Memory: 4k page, physical 8388608k(822172k free)

/proc/meminfo:


vm_info: Java HotSpot(TM) 64-Bit Server VM (25.20-b23) for bsd-amd64 JRE (1.8.0_20-b26), built on Jul 30 2014 13:37:47 by "java_re" with gcc 4.2.1 (Based on Apple Inc. build 5658) (LLVM build 2336.9.00)

time: Sun May  3 22:06:44 2015
elapsed time: 11 seconds (0d 0h 0m 11s)

