[03:48:39] [Client thread/INFO]: Setting user: cclloyd
[03:48:41] [Client thread/INFO]: LWJGL Version: 2.9.2
[03:48:43] [Client thread/INFO]: Reloading ResourceManager: Default, FMLFileResourcePack:Forge Mod Loader, FMLFileResourcePack:Minecraft Forge, FMLFileResourcePack:cclloy's Modpack
[03:48:43] [Sound Library Loader/INFO]: Starting up SoundSystem...
[03:48:44] [Thread-7/INFO]: Initializing LWJGL OpenAL
[03:48:44] [Thread-7/INFO]: (The LWJGL binding of OpenAL.  For more information, see http://www.lwjgl.org)
[03:48:44] [Thread-7/INFO]: OpenAL initialized.
[03:48:44] [Sound Library Loader/INFO]: Sound engine started
[03:48:45] [Client thread/INFO]: Created: 512x512 textures-atlas
[03:48:46] [Client thread/INFO]: Reloading ResourceManager: Default, FMLFileResourcePack:Forge Mod Loader, FMLFileResourcePack:Minecraft Forge, FMLFileResourcePack:cclloy's Modpack
[03:48:46] [Client thread/INFO]: SoundSystem shutting down...
[03:48:46] [Client thread/WARN]: Author: Paul Lamb, www.paulscode.com
[03:48:46] [Sound Library Loader/INFO]: Starting up SoundSystem...
[03:48:46] [Thread-9/INFO]: Initializing LWJGL OpenAL
[03:48:46] [Thread-9/INFO]: (The LWJGL binding of OpenAL.  For more information, see http://www.lwjgl.org)
[03:48:46] [Thread-9/INFO]: OpenAL initialized.
[03:48:47] [Sound Library Loader/INFO]: Sound engine started
[03:48:47] [Client thread/INFO]: Created: 512x512 textures-atlas
[03:48:50] [Server thread/INFO]: Starting integrated minecraft server version 1.8
[03:48:50] [Server thread/INFO]: Generating keypair
[03:48:51] [Server thread/INFO]: Preparing start region for level 0
[03:48:51] [Server thread/INFO]: Changing view distance to 16, from 10
[03:48:52] [Server thread/INFO]: cclloyd[local:E:00d61f47] logged in with entity id 27 at (-8.151230644129345, 70.0, -0.8623062275610607)
[03:48:52] [Server thread/INFO]: cclloyd joined the game
[03:49:11] [Server thread/INFO]: Saving and pausing game...
[03:49:11] [Server thread/INFO]: Saving chunks for level 'Test World Superflat (70 tall)'/Overworld
[03:49:11] [Server thread/INFO]: Saving chunks for level 'Test World Superflat (70 tall)'/Nether
[03:49:11] [Server thread/INFO]: Saving chunks for level 'Test World Superflat (70 tall)'/The End
[03:49:12] [Server thread/INFO]: Stopping server
[03:49:12] [Server thread/INFO]: Saving players
[03:49:12] [Server thread/INFO]: Saving worlds
[03:49:12] [Server thread/INFO]: Saving chunks for level 'Test World Superflat (70 tall)'/Overworld
[03:49:12] [Server thread/INFO]: Saving chunks for level 'Test World Superflat (70 tall)'/Nether
[03:49:12] [Server thread/INFO]: Saving chunks for level 'Test World Superflat (70 tall)'/The End
[03:49:13] [Client thread/INFO]: Stopping!
[03:49:13] [Client thread/INFO]: SoundSystem shutting down...
[03:49:13] [Client thread/WARN]: Author: Paul Lamb, www.paulscode.com
